<?xml version="1.0" encoding="UTF-8" ?>
<testsuite tests="26" failures="5" name="TestSuite" time="2.291" errors="0" skipped="4">
  <properties>
[...]
</properties>
  <testcase classname="com.nopcommerce.demo.testng.TestNGDemo" name="test1" time="0.002"/>
  <testcase classname="com.nopcommerce.demo.testng.TestNGDemo" name="test2" time="0"/>
  <testcase classname="com.nopcommerce.demo.testng.TestNGGrouping" name="loginTest1" time="0"/>
  <testcase classname="com.nopcommerce.demo.testng.TestNGGrouping" name="loginTest2" time="0"/>
  <testcase classname="com.nopcommerce.demo.testng.TestNGGrouping" name="loginTest3" time="0"/>
  <testcase classname="com.nopcommerce.demo.testng.TestNGGrouping" name="loginTest4" time="0"/>
  <testcase classname="com.nopcommerce.demo.testng.TestNGGrouping" name="regressionTest1" time="0"/>
  <testcase classname="com.nopcommerce.demo.testng.TestNGGrouping" name="regressionTest2" time="0"/>
  <testcase classname="com.nopcommerce.demo.testng.TestNGGrouping" name="regressionTest3" time="0"/>
  <testcase classname="com.nopcommerce.demo.testng.TestNGListenersDemo" name="test1" time="0"/>
  <testcase classname="com.nopcommerce.demo.testng.TestNGListenersDemo" name="test2" time="0.003">
    <failure type="java.lang.AssertionError:">java.lang.AssertionError: null
	at org.testng.Assert.fail(Assert.java:110)
	at org.testng.Assert.fail(Assert.java:115)
	at com.nopcommerce.demo.testng.TestNGListenersDemo.test2(TestNGListenersDemo.java:22)
</failure>
    <system-out>This on test Success test1
I am inside Test2
</system-out>
  </testcase>
  <testcase classname="com.nopcommerce.demo.testng.TestNGListenersDemo" name="test3" time="0">
    <skipped/>
    <system-out>This on test Failure test2
I am inside Test3
</system-out>
  </testcase>
  <testcase classname="com.nopcommerce.demo.testng.TestNGParameterDemo" name="test" time="0.003">
    <failure message="
Parameter &apos;surname&apos; is required by @Test on method test but has not been marked @Optional or defined
" type="org.testng.TestNGException">org.testng.TestNGException: 
Parameter &apos;surname&apos; is required by @Test on method test but has not been marked @Optional or defined

	at org.testng.internal.Parameters.createParams(Parameters.java:267)
	at org.testng.internal.Parameters.createParametersForMethod(Parameters.java:355)
	at org.testng.internal.Parameters.createParameters(Parameters.java:660)
	at org.testng.internal.Parameters.handleParameters(Parameters.java:856)
	at org.testng.internal.Parameters.handleParameters(Parameters.java:704)
	at org.testng.internal.invokers.ParameterHandler.handleParameters(ParameterHandler.java:70)
	at org.testng.internal.invokers.ParameterHandler.createParameters(ParameterHandler.java:49)
	at org.testng.internal.invokers.TestInvoker$MethodInvocationAgent.invoke(TestInvoker.java:904)
	at org.testng.internal.invokers.TestInvoker.invokeTestMethods(TestInvoker.java:193)
	at org.testng.internal.invokers.TestMethodWorker.invokeTestMethods(TestMethodWorker.java:146)
	at org.testng.internal.invokers.TestMethodWorker.run(TestMethodWorker.java:128)
	at java.util.ArrayList.forEach(ArrayList.java:1249)
	at org.testng.TestRunner.privateRun(TestRunner.java:808)
	at org.testng.TestRunner.run(TestRunner.java:603)
	at org.testng.SuiteRunner.runTest(SuiteRunner.java:429)
	at org.testng.SuiteRunner.runSequentially(SuiteRunner.java:423)
	at org.testng.SuiteRunner.privateRun(SuiteRunner.java:383)
	at org.testng.SuiteRunner.run(SuiteRunner.java:326)
	at org.testng.SuiteRunnerWorker.runSuite(SuiteRunnerWorker.java:52)
	at org.testng.SuiteRunnerWorker.run(SuiteRunnerWorker.java:95)
	at org.testng.TestNG.runSuitesSequentially(TestNG.java:1249)
	at org.testng.TestNG.runSuitesLocally(TestNG.java:1169)
	at org.testng.TestNG.runSuites(TestNG.java:1092)
	at org.testng.TestNG.run(TestNG.java:1060)
	at org.apache.maven.surefire.testng.TestNGExecutor.run(TestNGExecutor.java:77)
	at org.apache.maven.surefire.testng.TestNGDirectoryTestSuite.executeMulti(TestNGDirectoryTestSuite.java:159)
	at org.apache.maven.surefire.testng.TestNGDirectoryTestSuite.execute(TestNGDirectoryTestSuite.java:99)
	at org.apache.maven.surefire.testng.TestNGProvider.invoke(TestNGProvider.java:106)
	at sun.reflect.NativeMethodAccessorImpl.invoke0(Native Method)
	at sun.reflect.NativeMethodAccessorImpl.invoke(NativeMethodAccessorImpl.java:62)
	at sun.reflect.DelegatingMethodAccessorImpl.invoke(DelegatingMethodAccessorImpl.java:43)
	at java.lang.reflect.Method.invoke(Method.java:498)
	at org.apache.maven.surefire.util.ReflectionUtils.invokeMethodWithArray(ReflectionUtils.java:189)
	at org.apache.maven.surefire.booter.ProviderFactory$ProviderProxy.invoke(ProviderFactory.java:165)
	at org.apache.maven.surefire.booter.ProviderFactory.invokeProvider(ProviderFactory.java:85)
	at org.apache.maven.surefire.booter.ForkedBooter.runSuitesInProcess(ForkedBooter.java:115)
	at org.apache.maven.surefire.booter.ForkedBooter.main(ForkedBooter.java:75)
</failure>
    <system-out>This on test Skipped test3
</system-out>
  </testcase>
  <testcase classname="com.nopcommerce.demo.testng.TestNGPriority" name="test" time="0"/>
  <testcase classname="com.nopcommerce.demo.testng.TestNGPriority" name="test2" time="0"/>
  <testcase classname="com.nopcommerce.demo.testng.TestNGPriority" name="test1" time="0"/>
  <testcase classname="com.nopcommerce.demo.testng.TestNGRetryFailedDemo" name="test1" time="0"/>
  <testcase classname="com.nopcommerce.demo.testng.TestNGRetryFailedDemo" name="test2" time="0"/>
  <testcase classname="com.nopcommerce.demo.testng.TestNGRetryFailedDemo" name="test3" time="0.001">
    <skipped/>
    <system-out>This on test Success test2
I am in test3
</system-out>
  </testcase>
  <testcase classname="com.nopcommerce.demo.testng.TestNGRetryFailedDemo" name="test3" time="0">
    <skipped/>
    <system-out>This on test Skipped test3
I am in test3
</system-out>
  </testcase>
  <testcase classname="com.nopcommerce.demo.testng.TestNGRetryFailedDemo" name="test3" time="0">
    <skipped/>
    <system-out>This on test Skipped test3
I am in test3
</system-out>
  </testcase>
  <testcase classname="com.nopcommerce.demo.testng.TestNGRetryFailedDemo" name="test3" time="0">
    <failure message="expected [true] but found [false]" type="java.lang.AssertionError">java.lang.AssertionError: expected [true] but found [false]
	at org.testng.Assert.fail(Assert.java:110)
	at org.testng.Assert.failNotEquals(Assert.java:1413)
	at org.testng.Assert.assertTrue(Assert.java:56)
	at org.testng.Assert.assertTrue(Assert.java:66)
	at com.nopcommerce.demo.testng.TestNGRetryFailedDemo.test3(TestNGRetryFailedDemo.java:24)
</failure>
    <system-out>This on test Skipped test3
I am in test3
</system-out>
  </testcase>
  <testcase classname="com.nopcommerce.demo.testng.TestNGSoftAssert" name="hardAssertExample" time="0.002">
    <failure message="expected [true] but found [false]" type="java.lang.AssertionError">java.lang.AssertionError: expected [true] but found [false]
	at org.testng.Assert.fail(Assert.java:110)
	at org.testng.Assert.failNotEquals(Assert.java:1413)
	at org.testng.Assert.assertTrue(Assert.java:56)
	at org.testng.Assert.assertTrue(Assert.java:66)
	at com.nopcommerce.demo.testng.TestNGSoftAssert.hardAssertExample(TestNGSoftAssert.java:18)
</failure>
    <system-out>This on test Failure test3
Running test ---------------&gt;
</system-out>
  </testcase>
  <testcase classname="com.nopcommerce.demo.testng.TestNGSoftAssert" name="softAssertExample" time="0.003">
    <failure message="The following asserts failed:
	First Assert expected [true] but found [false]" type="java.lang.AssertionError">java.lang.AssertionError: The following asserts failed:
	First Assert expected [true] but found [false]
	at org.testng.asserts.SoftAssert.assertAll(SoftAssert.java:46)
	at org.testng.asserts.SoftAssert.assertAll(SoftAssert.java:30)
	at com.nopcommerce.demo.testng.TestNGSoftAssert.softAssertExample(TestNGSoftAssert.java:35)
</failure>
    <system-out>This on test Failure hardAssertExample
Running test ---------------&gt;
Line after assert 1
Line after assert 2
</system-out>
  </testcase>
  <testcase classname="com.nopcommerce.demo.testsuite.LoginPageTest" name="verifyErrorMessageWithInvalidCredentials" time="1.565"/>
  <testcase classname="com.nopcommerce.demo.testsuite.LoginPageTest" name="verifyUserShouldNavigateToLoginPageSuccessfully" time="0.712"/>
</testsuite>